[05-Feb-2021 22:49:50 America/Argentina/Cordoba] <--- INICIO --->
[05-Feb-2021 22:49:50 America/Argentina/Cordoba] <--- ROUTER --->
[05-Feb-2021 22:49:50 America/Argentina/Cordoba] ROUTER::set_controller->login
[05-Feb-2021 22:49:50 America/Argentina/Cordoba] ROUTER::get_controller_class->controllers\login
[05-Feb-2021 22:49:50 America/Argentina/Cordoba] <--- controller_LOGIN --->
[05-Feb-2021 22:49:50 America/Argentina/Cordoba] <--- CONTROLLER --->
[05-Feb-2021 22:49:50 America/Argentina/Cordoba] CONTROLLER::get_class->login
[05-Feb-2021 22:49:50 America/Argentina/Cordoba] ROUTER::get_model_class->models\model
[05-Feb-2021 22:49:50 America/Argentina/Cordoba] <--- MODEL --->
[05-Feb-2021 22:49:50 America/Argentina/Cordoba] MODEL::connect_to_database->success
[05-Feb-2021 22:49:50 America/Argentina/Cordoba] MODEL::set_table->
[05-Feb-2021 22:49:50 America/Argentina/Cordoba] CONTROLLER::add_model->login
[05-Feb-2021 22:49:50 America/Argentina/Cordoba] CONTROLLER::set_layout->default
[05-Feb-2021 22:49:50 America/Argentina/Cordoba] CONTROLLER::set_view->./views/login.php
[05-Feb-2021 22:49:50 America/Argentina/Cordoba] CONTROLLER::add_js->app
[05-Feb-2021 22:49:50 America/Argentina/Cordoba] CONTROLLER::add_css->app
[05-Feb-2021 22:49:50 America/Argentina/Cordoba] CONTROLLER::set_title->StampyMail - Login
[05-Feb-2021 22:49:50 America/Argentina/Cordoba] ROUTER::set_action->index
[05-Feb-2021 22:49:50 America/Argentina/Cordoba] ROUTER::set_params->vacio
[05-Feb-2021 22:49:50 America/Argentina/Cordoba] ROUTER::route
[05-Feb-2021 22:49:50 America/Argentina/Cordoba] controller_ROUTER::execute_middlewares->login
[05-Feb-2021 22:49:50 America/Argentina/Cordoba] CONTROLLER::index
[05-Feb-2021 22:49:50 America/Argentina/Cordoba] CONTROLLER::run
